<?xml version="1.0" encoding="UTF-8"?>
<testng-results skipped="0" failed="0" ignored="0" total="1" passed="1">
  <reporter-output>
  </reporter-output>
  <suite name="Suite" duration-ms="116" started-at="2019-05-16T16:48:53Z" finished-at="2019-05-16T16:48:54Z">
    <groups>
    </groups>
    <test name="Test" duration-ms="116" started-at="2019-05-16T16:48:53Z" finished-at="2019-05-16T16:48:54Z">
      <class name="git_test.TestPom">
        <test-method status="PASS" signature="test1()[pri:0, instance:git_test.TestPom@511baa65]" name="test1" duration-ms="23" started-at="2019-05-16T16:48:53Z" finished-at="2019-05-16T16:48:54Z">
          <reporter-output>
          </reporter-output>
        </test-method> <!-- test1 -->
      </class> <!-- git_test.TestPom -->
    </test> <!-- Test -->
  </suite> <!-- Suite -->
</testng-results>
